<?xml version="1.0" encoding="utf-8"?><testsuites name="pytest tests"><testsuite name="pytest" errors="0" failures="0" skipped="0" tests="11" time="3.400" timestamp="2026-03-03T17:08:33.449896+00:00" hostname="agent-env-d7bdd760-27bf-42bd-bbd6-36dcd20cb4f5"><testcase classname="backend.tests.test_v143_mission.TestMissionV143" name="test_enhance_prompt_endpoint_exists" time="1.805" /><testcase classname="backend.tests.test_v143_mission.TestMissionV143" name="test_enhance_prompt_with_fallback" time="0.145" /><testcase classname="backend.tests.test_v143_mission.TestMissionV143" name="test_enhance_prompt_empty_input" time="0.134" /><testcase classname="backend.tests.test_v143_mission.TestMissionV143" name="test_anti_regression_contacts_count" time="0.130" /><testcase classname="backend.tests.test_v143_mission.TestMissionV143" name="test_chat_sessions_endpoint" time="0.156" /><testcase classname="backend.tests.test_v143_mission.TestMissionV143" name="test_api_health" time="0.129" /><testcase classname="backend.tests.test_v143_mission.TestMissionV143" name="test_chat_links_list" time="0.122" /><testcase classname="backend.tests.test_v143_mission.TestMissionV143" name="test_reservations_endpoint" time="0.148" /><testcase classname="backend.tests.test_v143_mission.TestMissionV143" name="test_discount_codes_endpoint" time="0.121" /><testcase classname="backend.tests.test_v143_mission.TestCRMBubbleColors" name="test_chat_messages_endpoint" time="0.315" /><testcase classname="backend.tests.test_v143_mission.TestGenerateLinkCardAI" name="test_enhance_prompt_available_for_super_admin" time="0.124" /></testsuite></testsuites>