<?xml version="1.0" encoding="utf-8"?><testsuites name="pytest tests"><testsuite name="pytest" errors="0" failures="0" skipped="0" tests="10" time="0.521" timestamp="2026-03-01T14:33:57.974215+00:00" hostname="agent-env-e6f8d9f5-976e-44c3-bb3a-6e1af0927159"><testcase classname="backend.tests.test_v109_mission.TestMissionV109API" name="test_health_endpoint" time="0.202" /><testcase classname="backend.tests.test_v109_mission.TestMissionV109API" name="test_partners_active_endpoint" time="0.116" /><testcase classname="backend.tests.test_v109_mission.TestMissionV109API" name="test_coach_vitrine_endpoint" time="0.140" /><testcase classname="backend.tests.test_v109_mission.TestMissionV109CodeVerification" name="test_reserver_button_transparent_background" time="0.000" /><testcase classname="backend.tests.test_v109_mission.TestMissionV109CodeVerification" name="test_reserver_button_no_border" time="0.000" /><testcase classname="backend.tests.test_v109_mission.TestMissionV109CodeVerification" name="test_reserver_button_position_absolute" time="0.000" /><testcase classname="backend.tests.test_v109_mission.TestMissionV109CodeVerification" name="test_calendar_svg_icon" time="0.000" /><testcase classname="backend.tests.test_v109_mission.TestMissionV109CodeVerification" name="test_contact_button_removed" time="0.000" /><testcase classname="backend.tests.test_v109_mission.TestMissionV109CodeVerification" name="test_afroboost_central_logo_removed" time="0.000" /><testcase classname="backend.tests.test_v109_mission.TestMissionV109CodeVerification" name="test_reserver_button_testid" time="0.000" /></testsuite></testsuites>