<?xml version="1.0" encoding="utf-8"?><testsuites name="pytest tests"><testsuite name="pytest" errors="0" failures="0" skipped="0" tests="9" time="1.203" timestamp="2026-03-01T13:05:12.921617+00:00" hostname="agent-env-e6f8d9f5-976e-44c3-bb3a-6e1af0927159"><testcase classname="backend.tests.test_v103_mission.TestMissionV103Backend" name="test_health_endpoint" time="0.167" /><testcase classname="backend.tests.test_v103_mission.TestMissionV103Backend" name="test_partners_active_endpoint" time="0.099" /><testcase classname="backend.tests.test_v103_mission.TestMissionV103Backend" name="test_partners_have_required_fields" time="0.140" /><testcase classname="backend.tests.test_v103_mission.TestMissionV103Backend" name="test_partners_unique_by_email" time="0.109" /><testcase classname="backend.tests.test_v103_mission.TestMissionV103Backend" name="test_super_admin_bassi_is_partner" time="0.110" /><testcase classname="backend.tests.test_v103_mission.TestMissionV103ReservationAPI" name="test_courses_endpoint" time="0.134" /><testcase classname="backend.tests.test_v103_mission.TestMissionV103ReservationAPI" name="test_offers_endpoint" time="0.110" /><testcase classname="backend.tests.test_v103_mission.TestMissionV103DiscountCodes" name="test_validate_code_endpoint_exists" time="0.157" /><testcase classname="backend.tests.test_v103_mission.TestMissionV103DiscountCodes" name="test_check_reservation_eligibility_endpoint" time="0.117" /></testsuite></testsuites>