<?xml version="1.0" encoding="utf-8"?><testsuites name="pytest tests"><testsuite name="pytest" errors="0" failures="0" skipped="0" tests="9" time="1.310" timestamp="2026-03-03T13:05:32.200588+00:00" hostname="agent-env-cbb3a969-4028-4084-810b-91ccd5f3a7a4"><testcase classname="backend.tests.test_v121_mission.TestPlatformSettings" name="test_get_platform_settings_returns_service_prices" time="0.162" /><testcase classname="backend.tests.test_v121_mission.TestPlatformSettings" name="test_update_service_prices_super_admin" time="0.266" /><testcase classname="backend.tests.test_v121_mission.TestPlatformSettings" name="test_update_platform_settings_non_admin_forbidden" time="0.110" /><testcase classname="backend.tests.test_v121_mission.TestPlatformSettings" name="test_restore_original_prices" time="0.139" /><testcase classname="backend.tests.test_v121_mission.TestDataIntegrity" name="test_reservations_count_22_plus" time="0.105" /><testcase classname="backend.tests.test_v121_mission.TestDataIntegrity" name="test_contacts_count_14_plus" time="0.115" /><testcase classname="backend.tests.test_v121_mission.TestHealthAndAPI" name="test_api_health" time="0.109" /><testcase classname="backend.tests.test_v121_mission.TestHealthAndAPI" name="test_courses_endpoint" time="0.122" /><testcase classname="backend.tests.test_v121_mission.TestHealthAndAPI" name="test_offers_endpoint" time="0.112" /></testsuite></testsuites>