<?xml version="1.0" encoding="utf-8"?><testsuites name="pytest tests"><testsuite name="pytest" errors="0" failures="0" skipped="0" tests="12" time="1.772" timestamp="2026-03-03T13:54:52.749476+00:00" hostname="agent-env-9a8c3932-8aeb-4b99-a293-cb286d9b5078"><testcase classname="backend.tests.test_v132_mission.TestSuperAdminAccess" name="test_super_admin_profile_has_unlimited_credits" time="0.213" /><testcase classname="backend.tests.test_v132_mission.TestSuperAdminAccess" name="test_super_admin_bassi_email_recognized" time="0.193" /><testcase classname="backend.tests.test_v132_mission.TestSuperAdminAccess" name="test_platform_settings_accessible_to_super_admin" time="0.136" /><testcase classname="backend.tests.test_v132_mission.TestServicePrices" name="test_service_prices_configured" time="0.105" /><testcase classname="backend.tests.test_v132_mission.TestReservationsCount" name="test_reservations_count_is_22" time="0.139" /><testcase classname="backend.tests.test_v132_mission.TestCreditPacks" name="test_credit_packs_api_accessible" time="0.113" /><testcase classname="backend.tests.test_v132_mission.TestExtractedComponents" name="test_frontend_health_check" time="0.111" /><testcase classname="backend.tests.test_v132_mission.TestExtractedComponents" name="test_api_health" time="0.142" /><testcase classname="backend.tests.test_v132_mission.TestCreditsDeduction" name="test_credits_deduct_endpoint_exists" time="0.165" /><testcase classname="backend.tests.test_v132_mission.TestCoursesAndOffers" name="test_courses_api" time="0.129" /><testcase classname="backend.tests.test_v132_mission.TestCoursesAndOffers" name="test_offers_api" time="0.128" /><testcase classname="backend.tests.test_v132_mission.TestDiscountCodes" name="test_discount_codes_api" time="0.124" /></testsuite></testsuites>