<?xml version="1.0" encoding="utf-8"?><testsuites name="pytest tests"><testsuite name="pytest" errors="0" failures="0" skipped="0" tests="12" time="0.599" timestamp="2026-03-01T14:13:10.968692+00:00" hostname="agent-env-e6f8d9f5-976e-44c3-bb3a-6e1af0927159"><testcase classname="backend.tests.test_v107_mission.TestMissionV107API" name="test_health_endpoint" time="0.234" /><testcase classname="backend.tests.test_v107_mission.TestMissionV107API" name="test_partners_active_endpoint" time="0.125" /><testcase classname="backend.tests.test_v107_mission.TestMissionV107API" name="test_coach_vitrine_endpoint" time="0.165" /><testcase classname="backend.tests.test_v107_mission.TestMissionV107CodeAnalysis" name="test_back_button_w10_h10_rounded" time="0.001" /><testcase classname="backend.tests.test_v107_mission.TestMissionV107CodeAnalysis" name="test_reserver_button_w20_h20" time="0.000" /><testcase classname="backend.tests.test_v107_mission.TestMissionV107CodeAnalysis" name="test_contact_button_w20_h20" time="0.000" /><testcase classname="backend.tests.test_v107_mission.TestMissionV107CodeAnalysis" name="test_calendar_svg_icon" time="0.001" /><testcase classname="backend.tests.test_v107_mission.TestMissionV107CodeAnalysis" name="test_envelope_svg_icon" time="0.001" /><testcase classname="backend.tests.test_v107_mission.TestMissionV107CodeAnalysis" name="test_buttons_in_flex_gap_4" time="0.000" /><testcase classname="backend.tests.test_v107_mission.TestMissionV107CodeAnalysis" name="test_header_icons_gap_16px" time="0.000" /><testcase classname="backend.tests.test_v107_mission.TestMissionV107CodeAnalysis" name="test_like_button_violet_glow" time="0.000" /><testcase classname="backend.tests.test_v107_mission.TestMissionV107CodeAnalysis" name="test_buttons_have_glow_effect" time="0.000" /></testsuite></testsuites>