<?xml version="1.0" encoding="utf-8"?><testsuites name="pytest tests"><testsuite name="pytest" errors="0" failures="0" skipped="0" tests="10" time="1.326" timestamp="2026-03-03T16:33:15.161131+00:00" hostname="agent-env-d7bdd760-27bf-42bd-bbd6-36dcd20cb4f5"><testcase classname="backend.tests.test_v140_mission.TestAIConfig" name="test_ai_config_returns_enabled" time="0.146" /><testcase classname="backend.tests.test_v140_mission.TestAIConfig" name="test_ai_config_has_campaign_prompt" time="0.111" /><testcase classname="backend.tests.test_v140_mission.TestChatSessionsEnrichment" name="test_chat_sessions_returns_participant_name" time="0.158" /><testcase classname="backend.tests.test_v140_mission.TestChatSessionsEnrichment" name="test_chat_sessions_fallback_on_title" time="0.170" /><testcase classname="backend.tests.test_v140_mission.TestConversationsEnrichment" name="test_conversations_returns_participant_name" time="0.110" /><testcase classname="backend.tests.test_v140_mission.TestPromoCodesCopyButton" name="test_discount_codes_returns_codes" time="0.114" /><testcase classname="backend.tests.test_v140_mission.TestAntiRegression" name="test_reservations_count" time="0.114" /><testcase classname="backend.tests.test_v140_mission.TestAntiRegression" name="test_contacts_count" time="0.103" /><testcase classname="backend.tests.test_v140_mission.TestAntiRegression" name="test_promo_codes_count" time="0.124" /><testcase classname="backend.tests.test_v140_mission.TestChatAIResponse" name="test_ai_enabled_check" time="0.115" /></testsuite></testsuites>