<?xml version="1.0" encoding="utf-8"?><testsuites name="pytest tests"><testsuite name="pytest" errors="0" failures="0" skipped="0" tests="9" time="1.254" timestamp="2026-03-01T11:20:18.304741+00:00" hostname="agent-env-e6f8d9f5-976e-44c3-bb3a-6e1af0927159"><testcase classname="tests.test_v972_mission.TestPartnersActiveAPI" name="test_partners_active_returns_list" time="0.146" /><testcase classname="tests.test_v972_mission.TestPartnersActiveAPI" name="test_partners_are_unique_by_email" time="0.110" /><testcase classname="tests.test_v972_mission.TestPartnersActiveAPI" name="test_partners_have_unique_ids" time="0.166" /><testcase classname="tests.test_v972_mission.TestPartnersActiveAPI" name="test_partners_have_required_fields" time="0.108" /><testcase classname="tests.test_v972_mission.TestCheckPartnerAPI" name="test_super_admin_is_partner" time="0.106" /><testcase classname="tests.test_v972_mission.TestCheckPartnerAPI" name="test_second_super_admin_is_partner" time="0.131" /><testcase classname="tests.test_v972_mission.TestCheckPartnerAPI" name="test_non_partner_returns_false" time="0.103" /><testcase classname="tests.test_v972_mission.TestCheckPartnerAPI" name="test_email_case_insensitivity" time="0.222" /><testcase classname="tests.test_v972_mission.TestHealthEndpoint" name="test_health_endpoint" time="0.109" /></testsuite></testsuites>