<?xml version="1.0" encoding="utf-8"?><testsuites name="pytest tests"><testsuite name="pytest" errors="0" failures="0" skipped="0" tests="18" time="3.780" timestamp="2026-03-03T14:17:39.871235+00:00" hostname="agent-env-9a8c3932-8aeb-4b99-a293-cb286d9b5078"><testcase classname="tests.test_v134_mission.TestAntiRegression" name="test_reservations_count_with_super_admin" time="0.177" /><testcase classname="tests.test_v134_mission.TestAntiRegression" name="test_reservations_count_with_second_super_admin" time="0.153" /><testcase classname="tests.test_v134_mission.TestAntiRegression" name="test_contacts_count" time="0.110" /><testcase classname="tests.test_v134_mission.TestAntiRegression" name="test_reservations_structure" time="0.124" /><testcase classname="tests.test_v134_mission.TestAPIs" name="test_courses_api" time="0.108" /><testcase classname="tests.test_v134_mission.TestAPIs" name="test_offers_api" time="0.140" /><testcase classname="tests.test_v134_mission.TestAPIs" name="test_concept_api" time="0.098" /><testcase classname="tests.test_v134_mission.TestAPIs" name="test_discount_codes_api" time="0.111" /><testcase classname="tests.test_v134_mission.TestAPIs" name="test_payment_links_api" time="0.130" /><testcase classname="tests.test_v134_mission.TestAPIs" name="test_credit_packs_api" time="0.107" /><testcase classname="tests.test_v134_mission.TestAPIs" name="test_platform_settings_api" time="0.112" /><testcase classname="tests.test_v134_mission.TestStripeRoutes" name="test_stripe_connect_status" time="0.110" /><testcase classname="tests.test_v134_mission.TestStripeRoutes" name="test_stripe_checkout_requires_key" time="0.878" /><testcase classname="tests.test_v134_mission.TestCreditsSystem" name="test_coach_profile_for_credits" time="0.105" /><testcase classname="tests.test_v134_mission.TestCreditsSystem" name="test_service_prices_config" time="0.122" /><testcase classname="tests.test_v134_mission.TestDataIsolation" name="test_non_admin_reservation_filter" time="0.107" /><testcase classname="tests.test_v134_mission.TestDataIsolation" name="test_no_header_protection" time="0.145" /><testcase classname="tests.test_v134_mission.TestExtractedComponents" name="test_all_apis_no_500_errors" time="0.883" /></testsuite></testsuites>