<?xml version="1.0" encoding="utf-8"?><testsuites name="pytest tests"><testsuite name="pytest" errors="0" failures="1" skipped="0" tests="11" time="1.261" timestamp="2026-03-04T06:38:33.993787+00:00" hostname="agent-env-d7bdd760-27bf-42bd-bbd6-36dcd20cb4f5"><testcase classname="backend.tests.test_v148_mission.TestV148MissionCalendarDateFix" name="test_health_check" time="0.250" /><testcase classname="backend.tests.test_v148_mission.TestV148MissionCalendarDateFix" name="test_contacts_count_anti_regression" time="0.107" /><testcase classname="backend.tests.test_v148_mission.TestV148MissionCalendarDateFix" name="test_reservations_count_anti_regression" time="0.144"><failure message="AssertionError: Expected at least 2 reservations, got 0&#10;assert 0 &gt;= 2">backend/tests/test_v148_mission.py:65: in test_reservations_count_anti_regression
    assert reservations_count &gt;= 2, f"Expected at least 2 reservations, got {reservations_count}"
E   AssertionError: Expected at least 2 reservations, got 0
E   assert 0 &gt;= 2</failure></testcase><testcase classname="backend.tests.test_v148_mission.TestV148MissionCalendarDateFix" name="test_courses_endpoint_working" time="0.105" /><testcase classname="backend.tests.test_v148_mission.TestV148MissionCalendarDateFix" name="test_discount_codes_endpoint_working" time="0.109" /><testcase classname="backend.tests.test_v148_mission.TestV148MissionCalendarDateFix" name="test_date_calculation_logic_same_day" time="0.000" /><testcase classname="backend.tests.test_v148_mission.TestV148MissionCalendarDateFix" name="test_wednesday_march_4_2026_scenario" time="0.000" /><testcase classname="backend.tests.test_v148_mission.TestV148AntiRegression" name="test_offers_endpoint_working" time="0.108" /><testcase classname="backend.tests.test_v148_mission.TestV148AntiRegression" name="test_chat_sessions_endpoint_working" time="0.152" /><testcase classname="backend.tests.test_v148_mission.TestV148AntiRegression" name="test_platform_settings_endpoint_working" time="0.100" /><testcase classname="backend.tests.test_v148_mission.TestV148AntiRegression" name="test_coach_vitrine_endpoint_working" time="0.102" /></testsuite></testsuites>