<?xml version="1.0" encoding="utf-8"?><testsuites name="pytest tests"><testsuite name="pytest" errors="0" failures="0" skipped="0" tests="10" time="1.371" timestamp="2026-03-01T14:55:15.040549+00:00" hostname="agent-env-cbb3a969-4028-4084-810b-91ccd5f3a7a4"><testcase classname="backend.tests.test_v112_mission.TestMissionV112" name="test_health_endpoint" time="0.282" /><testcase classname="backend.tests.test_v112_mission.TestMissionV112" name="test_coach_vitrine_bassi" time="0.109" /><testcase classname="backend.tests.test_v112_mission.TestMissionV112" name="test_partners_active" time="0.132" /><testcase classname="backend.tests.test_v112_mission.TestMissionV112" name="test_generate_link_with_custom_prompt" time="0.122" /><testcase classname="backend.tests.test_v112_mission.TestMissionV112" name="test_generate_link_without_custom_prompt" time="0.117" /><testcase classname="backend.tests.test_v112_mission.TestMissionV112" name="test_manifest_json" time="0.104" /><testcase classname="backend.tests.test_v112_mission.TestMissionV112" name="test_service_worker" time="0.112" /><testcase classname="backend.tests.test_v112_mission.TestMissionV112" name="test_campaigns_api" time="0.102" /><testcase classname="backend.tests.test_v112_mission.TestVitrineButtonStyles" name="test_vitrine_contains_reserver_button" time="0.108" /><testcase classname="backend.tests.test_v112_mission.TestChatPromptIsolation" name="test_create_link_with_isolation" time="0.112" /></testsuite></testsuites>