<?xml version="1.0" encoding="utf-8"?><testsuites name="pytest tests"><testsuite name="pytest" errors="0" failures="0" skipped="0" tests="10" time="1.384" timestamp="2026-03-03T12:15:10.306301+00:00" hostname="agent-env-cbb3a969-4028-4084-810b-91ccd5f3a7a4"><testcase classname="backend.tests.test_v117_mission.TestDataIntegrity" name="test_reservations_count_minimum_21" time="0.140" /><testcase classname="backend.tests.test_v117_mission.TestDataIntegrity" name="test_reservations_data_structure" time="0.117" /><testcase classname="backend.tests.test_v117_mission.TestCreditsSystem" name="test_discount_codes_list" time="0.181" /><testcase classname="backend.tests.test_v117_mission.TestCreditsSystem" name="test_boss_code_validation" time="0.110" /><testcase classname="backend.tests.test_v117_mission.TestCreditsSystem" name="test_boost_code_validation" time="0.129" /><testcase classname="backend.tests.test_v117_mission.TestPartnersAPI" name="test_partners_active_returns_data" time="0.113" /><testcase classname="backend.tests.test_v117_mission.TestPartnersAPI" name="test_partner_structure" time="0.112" /><testcase classname="backend.tests.test_v117_mission.TestPWAManifest" name="test_manifest_json_accessible" time="0.099" /><testcase classname="backend.tests.test_v117_mission.TestPWAManifest" name="test_manifest_icons" time="0.109" /><testcase classname="backend.tests.test_v117_mission.TestCRMContacts" name="test_crm_contacts_list" time="0.205" /></testsuite></testsuites>