<?xml version="1.0" encoding="utf-8"?><testsuites name="pytest tests"><testsuite name="pytest" errors="0" failures="0" skipped="0" tests="9" time="1.167" timestamp="2026-03-01T12:39:31.364991+00:00" hostname="agent-env-e6f8d9f5-976e-44c3-bb3a-6e1af0927159"><testcase classname="backend.tests.test_v102_mission.TestV102Mission" name="test_health_endpoint" time="0.154" /><testcase classname="backend.tests.test_v102_mission.TestV102Mission" name="test_partners_active_returns_list" time="0.143" /><testcase classname="backend.tests.test_v102_mission.TestV102Mission" name="test_partners_are_unique_by_email" time="0.142" /><testcase classname="backend.tests.test_v102_mission.TestV102Mission" name="test_partners_have_required_fields" time="0.120" /><testcase classname="backend.tests.test_v102_mission.TestV102Mission" name="test_super_admin_bassi_is_partner" time="0.101" /><testcase classname="backend.tests.test_v102_mission.TestV102Mission" name="test_partner_videos_have_valid_urls" time="0.131" /><testcase classname="backend.tests.test_v102_mission.TestV102Mission" name="test_users_endpoint" time="0.105" /><testcase classname="backend.tests.test_v102_mission.TestV102Mission" name="test_offers_endpoint" time="0.111" /><testcase classname="backend.tests.test_v102_mission.TestV102Mission" name="test_courses_endpoint" time="0.102" /></testsuite></testsuites>