<?xml version="1.0" encoding="utf-8"?><testsuites name="pytest tests"><testsuite name="pytest" errors="0" failures="0" skipped="0" tests="20" time="2.306" timestamp="2026-03-03T13:19:44.971281+00:00" hostname="agent-env-cbb3a969-4028-4084-810b-91ccd5f3a7a4"><testcase classname="backend.tests.test_v130_mission.TestMissionV130CreditPacks" name="test_credit_packs_endpoint_exists" time="0.157" /><testcase classname="backend.tests.test_v130_mission.TestMissionV130CreditPacks" name="test_credit_packs_returns_list" time="0.123" /><testcase classname="backend.tests.test_v130_mission.TestMissionV130CreditPacks" name="test_credit_packs_structure" time="0.101" /><testcase classname="backend.tests.test_v130_mission.TestMissionV130CreditCheckout" name="test_create_checkout_requires_pack_id" time="0.100" /><testcase classname="backend.tests.test_v130_mission.TestMissionV130CreditCheckout" name="test_create_checkout_requires_user_email" time="0.103" /><testcase classname="backend.tests.test_v130_mission.TestMissionV130CreditCheckout" name="test_create_checkout_super_admin_denied" time="0.120" /><testcase classname="backend.tests.test_v130_mission.TestMissionV130WebhookStructure" name="test_webhook_endpoint_exists" time="0.109" /><testcase classname="backend.tests.test_v130_mission.TestMissionV130CreditTransactions" name="test_transactions_endpoint_exists" time="0.099" /><testcase classname="backend.tests.test_v130_mission.TestMissionV130CreditTransactions" name="test_transactions_returns_list" time="0.100" /><testcase classname="backend.tests.test_v130_mission.TestMissionV130AntiRegression" name="test_reservations_count" time="0.120" /><testcase classname="backend.tests.test_v130_mission.TestMissionV130AntiRegression" name="test_contacts_count" time="0.108" /><testcase classname="backend.tests.test_v130_mission.TestMissionV130AntiRegression" name="test_courses_endpoint" time="0.105" /><testcase classname="backend.tests.test_v130_mission.TestMissionV130AntiRegression" name="test_offers_endpoint" time="0.108" /><testcase classname="backend.tests.test_v130_mission.TestMissionV130AntiRegression" name="test_concept_endpoint" time="0.108" /><testcase classname="backend.tests.test_v130_mission.TestMissionV130AntiRegression" name="test_discount_codes_endpoint" time="0.108" /><testcase classname="backend.tests.test_v130_mission.TestMissionV130BOSS" name="test_health_check" time="0.109" /><testcase classname="backend.tests.test_v130_mission.TestMissionV130BOSS" name="test_campaigns_endpoint" time="0.121" /><testcase classname="backend.tests.test_v130_mission.TestMissionV130BOSS" name="test_ai_config_endpoint" time="0.110" /><testcase classname="backend.tests.test_v130_mission.TestMissionV130BOSS" name="test_payment_links_endpoint" time="0.116" /><testcase classname="backend.tests.test_v130_mission.TestMissionV130BOSS" name="test_coach_packs_endpoint" time="0.101" /></testsuite></testsuites>