<?xml version="1.0" encoding="utf-8"?><testsuites name="pytest tests"><testsuite name="pytest" errors="0" failures="0" skipped="0" tests="16" time="2.594" timestamp="2026-03-03T17:38:57.279125+00:00" hostname="agent-env-d7bdd760-27bf-42bd-bbd6-36dcd20cb4f5"><testcase classname="tests.test_v146_mission.TestHealthAndBasics" name="test_health_check" time="0.188" /><testcase classname="tests.test_v146_mission.TestHealthAndBasics" name="test_offers_endpoint" time="0.132" /><testcase classname="tests.test_v146_mission.TestOffersWithKeywords" name="test_offer_has_keywords_field" time="0.116" /><testcase classname="tests.test_v146_mission.TestOffersWithKeywords" name="test_create_offer_with_keywords" time="0.345" /><testcase classname="tests.test_v146_mission.TestCampaignsMediaUrl" name="test_campaigns_endpoint" time="0.122" /><testcase classname="tests.test_v146_mission.TestCampaignsMediaUrl" name="test_create_campaign_with_media_url" time="0.296" /><testcase classname="tests.test_v146_mission.TestCampaignsMediaUrl" name="test_create_scheduled_campaign_with_media_url" time="0.224" /><testcase classname="tests.test_v146_mission.TestChatWidgetFeatures" name="test_chat_sessions_endpoint" time="0.118" /><testcase classname="tests.test_v146_mission.TestChatWidgetFeatures" name="test_chat_session_has_title_field" time="0.144" /><testcase classname="tests.test_v146_mission.TestCRMAndPromoFeatures" name="test_conversations_endpoint" time="0.116" /><testcase classname="tests.test_v146_mission.TestCRMAndPromoFeatures" name="test_discount_codes_endpoint" time="0.103" /><testcase classname="tests.test_v146_mission.TestAntiRegression" name="test_contacts_count" time="0.112" /><testcase classname="tests.test_v146_mission.TestAntiRegression" name="test_reservations_endpoint" time="0.123" /><testcase classname="tests.test_v146_mission.TestAntiRegression" name="test_courses_endpoint" time="0.142" /><testcase classname="tests.test_v146_mission.TestAntiRegression" name="test_offers_count" time="0.107" /><testcase classname="tests.test_v146_mission.TestCoachVitrine" name="test_coach_vitrine_endpoint" time="0.128" /></testsuite></testsuites>