<?xml version="1.0" encoding="utf-8"?><testsuites name="pytest tests"><testsuite name="pytest" errors="0" failures="0" skipped="0" tests="17" time="0.787" timestamp="2026-03-01T14:01:25.270200+00:00" hostname="agent-env-e6f8d9f5-976e-44c3-bb3a-6e1af0927159"><testcase classname="backend.tests.test_v106_mission.TestApiEndpoints" name="test_health_endpoint" time="0.237" /><testcase classname="backend.tests.test_v106_mission.TestApiEndpoints" name="test_partners_active_endpoint" time="0.111" /><testcase classname="backend.tests.test_v106_mission.TestApiEndpoints" name="test_courses_endpoint" time="0.112" /><testcase classname="backend.tests.test_v106_mission.TestApiEndpoints" name="test_offers_endpoint" time="0.098" /><testcase classname="backend.tests.test_v106_mission.TestApiEndpoints" name="test_concept_endpoint" time="0.146" /><testcase classname="backend.tests.test_v106_mission.TestCoachDashboardCodeV106" name="test_back_button_fixed_position" time="0.002" /><testcase classname="backend.tests.test_v106_mission.TestCoachDashboardCodeV106" name="test_back_button_data_testid" time="0.002" /><testcase classname="backend.tests.test_v106_mission.TestCoachDashboardCodeV106" name="test_actions_grid_2_columns" time="0.001" /><testcase classname="backend.tests.test_v106_mission.TestCoachDashboardCodeV106" name="test_action_cards_h20_rounded" time="0.001" /><testcase classname="backend.tests.test_v106_mission.TestCoachDashboardCodeV106" name="test_quick_control_centered_mobile" time="0.001" /><testcase classname="backend.tests.test_v106_mission.TestCoachDashboardCodeV106" name="test_scroll_container_padding" time="0.001" /><testcase classname="backend.tests.test_v106_mission.TestCoachDashboardCodeV106" name="test_maintenance_toggle_violet_glow" time="0.001" /><testcase classname="backend.tests.test_v106_mission.TestCoachDashboardCodeV106" name="test_maintenance_toggle_data_testid" time="0.001" /><testcase classname="backend.tests.test_v106_mission.TestCoachDashboardCodeV106" name="test_quick_control_btn_data_testid" time="0.001" /><testcase classname="backend.tests.test_v106_mission.TestPartnersCarouselCodeV106" name="test_header_icons_gap_16px" time="0.000" /><testcase classname="backend.tests.test_v106_mission.TestPartnersCarouselCodeV106" name="test_like_button_violet_glow" time="0.000" /><testcase classname="backend.tests.test_v106_mission.TestPartnersCarouselCodeV106" name="test_like_button_data_testid" time="0.000" /></testsuite></testsuites>